TN:
SF:script/DeployPasswordStore.s.sol
FN:8,DeployPasswordStore.run
FNDA:3,DeployPasswordStore.run
DA:9,3
DA:9,3
DA:10,3
DA:10,3
DA:10,3
DA:11,3
DA:11,3
DA:12,3
DA:12,3
DA:13,3
DA:13,3
FNF:1
FNH:1
LF:5
LH:5
BRF:0
BRH:0
end_of_record
TN:
SF:src/PasswordStore.sol
FN:18,PasswordStore.
FNDA:0,PasswordStore.
DA:19,0
DA:19,0
FN:29,PasswordStore.setPassword
FNDA:5,PasswordStore.setPassword
DA:30,5
DA:30,5
BRDA:30,0,0,1
BRDA:30,0,1,4
DA:31,1
DA:31,1
DA:33,4
DA:33,4
DA:34,4
DA:34,4
FN:42,PasswordStore.getPassword
FNDA:2,PasswordStore.getPassword
DA:43,2
DA:43,2
BRDA:43,1,0,1
BRDA:43,1,1,1
DA:44,1
DA:44,1
DA:46,1
DA:46,1
FNF:3
FNH:2
LF:8
LH:7
BRF:4
BRH:4
end_of_record
